<?xml version="1.0" encoding="UTF-8"?>
<!-- Generated by org.testng.reporters.JUnitReportReporter -->
<testsuite skipped="0" hostname="LAPTOP-9B3C4EKN" name="com.DDT.POM.MethodCalling.VerifyUserCanEditDetailsAndRiseComplaint" tests="1" failures="0" timestamp="2023-05-30T11:10:00 IST" time="14.648" errors="0">
  <testcase name="main7" time="14.648" classname="com.DDT.POM.MethodCalling.VerifyUserCanEditDetailsAndRiseComplaint"/>
  <system-out>
    <![CDATA[complaint rised successfully]]>
  </system-out>
</testsuite> <!-- com.DDT.POM.MethodCalling.VerifyUserCanEditDetailsAndRiseComplaint -->
