<?xml version="1.0" encoding="UTF-8"?>
<!-- Generated by org.testng.reporters.JUnitReportReporter -->
<testsuite skipped="0" hostname="LAPTOP-9B3C4EKN" name="com.DDT.POM.MethodCalling.VerifyThatAdminEditTheDetailsOfTheRegisteredProperty" tests="1" failures="0" timestamp="2023-05-30T11:08:03 IST" time="5.507" errors="0">
  <testcase name="main3" time="5.507" classname="com.DDT.POM.MethodCalling.VerifyThatAdminEditTheDetailsOfTheRegisteredProperty"/>
  <system-out/>
</testsuite> <!-- com.DDT.POM.MethodCalling.VerifyThatAdminEditTheDetailsOfTheRegisteredProperty -->
