<?xml version="1.0" encoding="UTF-8"?>
<!-- Generated by org.testng.reporters.JUnitReportReporter -->
<testsuite skipped="0" hostname="LAPTOP-9B3C4EKN" name="com.DDT.POM.MethodCalling.VerifyRegisterPropertyisplayedOrNot" tests="1" failures="0" timestamp="2023-05-30T11:10:00 IST" time="17.746" errors="0">
  <testcase name="main1" time="17.746" classname="com.DDT.POM.MethodCalling.VerifyRegisterPropertyisplayedOrNot"/>
  <system-out>
    <![CDATA[property registered successfully
search page opened successfully
test case passed]]>
  </system-out>
</testsuite> <!-- com.DDT.POM.MethodCalling.VerifyRegisterPropertyisplayedOrNot -->
