<?xml version="1.0" encoding="UTF-8"?>
<!-- Generated by org.testng.reporters.JUnitReportReporter -->
<testsuite skipped="0" hostname="LAPTOP-9B3C4EKN" name="com.DDT.POM.MethodCalling.VerifyTheAdminCanSeeListOfApartmentDetailsOnClickingRoomsForRentButton" tests="1" failures="0" timestamp="2023-05-30T11:08:03 IST" time="19.312" errors="0">
  <testcase name="main5" time="19.312" classname="com.DDT.POM.MethodCalling.VerifyTheAdminCanSeeListOfApartmentDetailsOnClickingRoomsForRentButton"/>
  <system-out>
    <![CDATA[property registered successfully
Apartment registered succussfully]]>
  </system-out>
</testsuite> <!-- com.DDT.POM.MethodCalling.VerifyTheAdminCanSeeListOfApartmentDetailsOnClickingRoomsForRentButton -->
