<?xml version="1.0" encoding="UTF-8"?>
<!-- Generated by org.testng.reporters.JUnitReportReporter -->
<testsuite skipped="0" hostname="LAPTOP-9B3C4EKN" name="com.DDT.POM.MethodCalling.VerifyThatAdminCanFileAComplaintForTheRegisteredProperty" tests="1" failures="0" timestamp="2023-05-30T11:10:00 IST" time="12.486" errors="0">
  <testcase name="main2" time="12.486" classname="com.DDT.POM.MethodCalling.VerifyThatAdminCanFileAComplaintForTheRegisteredProperty"/>
  <system-out>
    <![CDATA[complaint rised successfully]]>
  </system-out>
</testsuite> <!-- com.DDT.POM.MethodCalling.VerifyThatAdminCanFileAComplaintForTheRegisteredProperty -->
