<?xml version="1.0" encoding="UTF-8"?>
<!-- Generated by org.testng.reporters.JUnitReportReporter -->
<testsuite hostname="LAPTOP-9B3C4EKN" failures="0" tests="1" name="com.DDT.POM.MethodCalling.VerifyRegisterPropertyisplayedOrNotTest" time="16.796" errors="0" timestamp="2023-06-02T12:32:09 IST" skipped="0">
  <testcase classname="com.DDT.POM.MethodCalling.VerifyRegisterPropertyisplayedOrNotTest" name="main1" time="16.796"/>
  <system-out>
    <![CDATA[property registered successfully
search page opened successfully
test case passed]]>
  </system-out>
</testsuite> <!-- com.DDT.POM.MethodCalling.VerifyRegisterPropertyisplayedOrNotTest -->
